[0.516s] Invoking command in '/home/sanket/ros2_ws/src/my_robot_controller': PYTHONPATH=/home/sanket/ros2_ws/build/my_robot_controller/prefix_override:/usr/lib/python3/dist-packages/colcon_core/task/python/colcon_distutils_commands:/home/sanket/ros2_ws/install/my_robot_controller/lib/python3.10/site-packages:${PYTHONPATH} /usr/bin/python3 -W ignore:setup.py install is deprecated -W ignore:easy_install command is deprecated setup.py egg_info --egg-base ../../build/my_robot_controller build --build-base /home/sanket/ros2_ws/build/my_robot_controller/build install --record /home/sanket/ros2_ws/build/my_robot_controller/install.log --single-version-externally-managed install_data
[0.690s] running egg_info
[0.690s] writing ../../build/my_robot_controller/my_robot_controller.egg-info/PKG-INFO
[0.690s] writing dependency_links to ../../build/my_robot_controller/my_robot_controller.egg-info/dependency_links.txt
[0.691s] writing entry points to ../../build/my_robot_controller/my_robot_controller.egg-info/entry_points.txt
[0.691s] writing requirements to ../../build/my_robot_controller/my_robot_controller.egg-info/requires.txt
[0.691s] writing top-level names to ../../build/my_robot_controller/my_robot_controller.egg-info/top_level.txt
[0.693s] reading manifest file '../../build/my_robot_controller/my_robot_controller.egg-info/SOURCES.txt'
[0.694s] writing manifest file '../../build/my_robot_controller/my_robot_controller.egg-info/SOURCES.txt'
[0.694s] running build
[0.694s] running build_py
[0.694s] running install
[0.694s] running install_lib
[0.695s] running install_data
[0.695s] running install_egg_info
[0.697s] removing '/home/sanket/ros2_ws/install/my_robot_controller/lib/python3.10/site-packages/my_robot_controller-0.0.0-py3.10.egg-info' (and everything under it)
[0.697s] Copying ../../build/my_robot_controller/my_robot_controller.egg-info to /home/sanket/ros2_ws/install/my_robot_controller/lib/python3.10/site-packages/my_robot_controller-0.0.0-py3.10.egg-info
[0.697s] running install_scripts
[0.712s] writing list of installed files to '/home/sanket/ros2_ws/build/my_robot_controller/install.log'
[0.730s] Invoked command in '/home/sanket/ros2_ws/src/my_robot_controller' returned '0': PYTHONPATH=/home/sanket/ros2_ws/build/my_robot_controller/prefix_override:/usr/lib/python3/dist-packages/colcon_core/task/python/colcon_distutils_commands:/home/sanket/ros2_ws/install/my_robot_controller/lib/python3.10/site-packages:${PYTHONPATH} /usr/bin/python3 -W ignore:setup.py install is deprecated -W ignore:easy_install command is deprecated setup.py egg_info --egg-base ../../build/my_robot_controller build --build-base /home/sanket/ros2_ws/build/my_robot_controller/build install --record /home/sanket/ros2_ws/build/my_robot_controller/install.log --single-version-externally-managed install_data
