/home/sanket/ros2_ws/install/my_robot_controller/lib/python3.10/site-packages/my_robot_controller/client_node.py
/home/sanket/ros2_ws/install/my_robot_controller/lib/python3.10/site-packages/my_robot_controller/subscriber_node.py
/home/sanket/ros2_ws/install/my_robot_controller/lib/python3.10/site-packages/my_robot_controller/my_first_node.py
/home/sanket/ros2_ws/install/my_robot_controller/lib/python3.10/site-packages/my_robot_controller/publisher_node.py
/home/sanket/ros2_ws/install/my_robot_controller/lib/python3.10/site-packages/my_robot_controller/led_service.py
/home/sanket/ros2_ws/install/my_robot_controller/lib/python3.10/site-packages/my_robot_controller/__init__.py
/home/sanket/ros2_ws/install/my_robot_controller/lib/python3.10/site-packages/my_robot_controller/service_node.py
/home/sanket/ros2_ws/install/my_robot_controller/lib/python3.10/site-packages/my_robot_controller/led_client.py
/home/sanket/ros2_ws/install/my_robot_controller/lib/python3.10/site-packages/my_robot_controller/__pycache__/client_node.cpython-310.pyc
/home/sanket/ros2_ws/install/my_robot_controller/lib/python3.10/site-packages/my_robot_controller/__pycache__/subscriber_node.cpython-310.pyc
/home/sanket/ros2_ws/install/my_robot_controller/lib/python3.10/site-packages/my_robot_controller/__pycache__/my_first_node.cpython-310.pyc
/home/sanket/ros2_ws/install/my_robot_controller/lib/python3.10/site-packages/my_robot_controller/__pycache__/publisher_node.cpython-310.pyc
/home/sanket/ros2_ws/install/my_robot_controller/lib/python3.10/site-packages/my_robot_controller/__pycache__/led_service.cpython-310.pyc
/home/sanket/ros2_ws/install/my_robot_controller/lib/python3.10/site-packages/my_robot_controller/__pycache__/__init__.cpython-310.pyc
/home/sanket/ros2_ws/install/my_robot_controller/lib/python3.10/site-packages/my_robot_controller/__pycache__/service_node.cpython-310.pyc
/home/sanket/ros2_ws/install/my_robot_controller/lib/python3.10/site-packages/my_robot_controller/__pycache__/led_client.cpython-310.pyc
/home/sanket/ros2_ws/install/my_robot_controller/share/ament_index/resource_index/packages/my_robot_controller
/home/sanket/ros2_ws/install/my_robot_controller/share/my_robot_controller/package.xml
/home/sanket/ros2_ws/install/my_robot_controller/lib/python3.10/site-packages/my_robot_controller-0.0.0-py3.10.egg-info/PKG-INFO
/home/sanket/ros2_ws/install/my_robot_controller/lib/python3.10/site-packages/my_robot_controller-0.0.0-py3.10.egg-info/top_level.txt
/home/sanket/ros2_ws/install/my_robot_controller/lib/python3.10/site-packages/my_robot_controller-0.0.0-py3.10.egg-info/SOURCES.txt
/home/sanket/ros2_ws/install/my_robot_controller/lib/python3.10/site-packages/my_robot_controller-0.0.0-py3.10.egg-info/dependency_links.txt
/home/sanket/ros2_ws/install/my_robot_controller/lib/python3.10/site-packages/my_robot_controller-0.0.0-py3.10.egg-info/zip-safe
/home/sanket/ros2_ws/install/my_robot_controller/lib/python3.10/site-packages/my_robot_controller-0.0.0-py3.10.egg-info/entry_points.txt
/home/sanket/ros2_ws/install/my_robot_controller/lib/python3.10/site-packages/my_robot_controller-0.0.0-py3.10.egg-info/requires.txt
/home/sanket/ros2_ws/install/my_robot_controller/lib/my_robot_controller/my_first_node
