[0.016s] Invoking command in '/home/sanket/ros2_ws/build/articubot_one': CMAKE_PREFIX_PATH=${CMAKE_PREFIX_PATH}:/home/sanket/robot_ws/install/robot_navigation:/home/sanket/robot_ws/install/robot_motor_control:/home/sanket/robot_ws/install/robot_lidar:/home/sanket/ros2_ws/install/my_robot_controller:/opt/ros/humble /usr/bin/cmake /home/sanket/ros2_ws/src/articubot_one -DAMENT_CMAKE_SYMLINK_INSTALL=1 -DCMAKE_INSTALL_PREFIX=/home/sanket/ros2_ws/install/articubot_one
[0.035s] -- Found ament_cmake: 1.3.12 (/opt/ros/humble/share/ament_cmake/cmake)
[0.130s] -- Override CMake install command with custom implementation using symlinks instead of copying resources
[0.142s] -- Found ament_lint_auto: 0.12.14 (/opt/ros/humble/share/ament_lint_auto/cmake)
[0.199s] -- Added test 'copyright' to check source files copyright and LICENSE
[0.202s] -- Added test 'flake8' to check Python code syntax and style conventions
[0.202s] -- Added test 'lint_cmake' to check CMake code style
[0.203s] -- Added test 'pep257' to check Python code against some of the docstring style conventions in PEP 257
[0.205s] -- Added test 'xmllint' to check XML markup files
[0.205s] -- Configuring done
[0.208s] -- Generating done
[0.209s] -- Build files have been written to: /home/sanket/ros2_ws/build/articubot_one
[0.213s] Invoked command in '/home/sanket/ros2_ws/build/articubot_one' returned '0': CMAKE_PREFIX_PATH=${CMAKE_PREFIX_PATH}:/home/sanket/robot_ws/install/robot_navigation:/home/sanket/robot_ws/install/robot_motor_control:/home/sanket/robot_ws/install/robot_lidar:/home/sanket/ros2_ws/install/my_robot_controller:/opt/ros/humble /usr/bin/cmake /home/sanket/ros2_ws/src/articubot_one -DAMENT_CMAKE_SYMLINK_INSTALL=1 -DCMAKE_INSTALL_PREFIX=/home/sanket/ros2_ws/install/articubot_one
[0.214s] Invoking command in '/home/sanket/ros2_ws/build/articubot_one': CMAKE_PREFIX_PATH=${CMAKE_PREFIX_PATH}:/home/sanket/robot_ws/install/robot_navigation:/home/sanket/robot_ws/install/robot_motor_control:/home/sanket/robot_ws/install/robot_lidar:/home/sanket/ros2_ws/install/my_robot_controller:/opt/ros/humble /usr/bin/cmake --build /home/sanket/ros2_ws/build/articubot_one -- -j12 -l12
[0.241s] Invoked command in '/home/sanket/ros2_ws/build/articubot_one' returned '0': CMAKE_PREFIX_PATH=${CMAKE_PREFIX_PATH}:/home/sanket/robot_ws/install/robot_navigation:/home/sanket/robot_ws/install/robot_motor_control:/home/sanket/robot_ws/install/robot_lidar:/home/sanket/ros2_ws/install/my_robot_controller:/opt/ros/humble /usr/bin/cmake --build /home/sanket/ros2_ws/build/articubot_one -- -j12 -l12
[0.248s] Invoking command in '/home/sanket/ros2_ws/build/articubot_one': CMAKE_PREFIX_PATH=${CMAKE_PREFIX_PATH}:/home/sanket/robot_ws/install/robot_navigation:/home/sanket/robot_ws/install/robot_motor_control:/home/sanket/robot_ws/install/robot_lidar:/home/sanket/ros2_ws/install/my_robot_controller:/opt/ros/humble /usr/bin/cmake --install /home/sanket/ros2_ws/build/articubot_one
[0.253s] -- Install configuration: ""
[0.253s] -- Execute custom install script
[0.253s] -- Symlinking: /home/sanket/ros2_ws/install/articubot_one/share/articubot_one/config/ball_tracker_params_robot.yaml
[0.259s] -- Symlinking: /home/sanket/ros2_ws/install/articubot_one/share/articubot_one/config/ball_tracker_params_sim.yaml
[0.265s] -- Symlinking: /home/sanket/ros2_ws/install/articubot_one/share/articubot_one/config/drive_bot.rviz
[0.271s] -- Symlinking: /home/sanket/ros2_ws/install/articubot_one/share/articubot_one/config/empty.yaml
[0.277s] -- Symlinking: /home/sanket/ros2_ws/install/articubot_one/share/articubot_one/config/gaz_ros2_ctl_use_sim.yaml
[0.282s] -- Symlinking: /home/sanket/ros2_ws/install/articubot_one/share/articubot_one/config/gazebo_params.yaml
[0.288s] -- Symlinking: /home/sanket/ros2_ws/install/articubot_one/share/articubot_one/config/joystick.yaml
[0.293s] -- Symlinking: /home/sanket/ros2_ws/install/articubot_one/share/articubot_one/config/main.rviz
[0.299s] -- Symlinking: /home/sanket/ros2_ws/install/articubot_one/share/articubot_one/config/map.rviz
[0.305s] -- Symlinking: /home/sanket/ros2_ws/install/articubot_one/share/articubot_one/config/mapper_params_online_async.yaml
[0.312s] -- Symlinking: /home/sanket/ros2_ws/install/articubot_one/share/articubot_one/config/my_controllers.yaml
[0.321s] -- Symlinking: /home/sanket/ros2_ws/install/articubot_one/share/articubot_one/config/nav2_params.yaml
[0.327s] -- Symlinking: /home/sanket/ros2_ws/install/articubot_one/share/articubot_one/config/twist_mux.yaml
[0.333s] -- Symlinking: /home/sanket/ros2_ws/install/articubot_one/share/articubot_one/config/view_bot.rviz
[0.339s] -- Symlinking: /home/sanket/ros2_ws/install/articubot_one/share/articubot_one/description/camera.xacro
[0.345s] -- Symlinking: /home/sanket/ros2_ws/install/articubot_one/share/articubot_one/description/depth_camera.xacro
[0.350s] -- Symlinking: /home/sanket/ros2_ws/install/articubot_one/share/articubot_one/description/face.xacro
[0.356s] -- Symlinking: /home/sanket/ros2_ws/install/articubot_one/share/articubot_one/description/gazebo_control.xacro
[0.362s] -- Symlinking: /home/sanket/ros2_ws/install/articubot_one/share/articubot_one/description/inertial_macros.xacro
[0.368s] -- Symlinking: /home/sanket/ros2_ws/install/articubot_one/share/articubot_one/description/lidar.xacro
[0.374s] -- Symlinking: /home/sanket/ros2_ws/install/articubot_one/share/articubot_one/description/robot.urdf.xacro
[0.379s] -- Symlinking: /home/sanket/ros2_ws/install/articubot_one/share/articubot_one/description/robot_core.xacro
[0.385s] -- Symlinking: /home/sanket/ros2_ws/install/articubot_one/share/articubot_one/description/ros2_control.xacro
[0.391s] -- Symlinking: /home/sanket/ros2_ws/install/articubot_one/share/articubot_one/launch/ball_tracker.launch.py
[0.398s] -- Symlinking: /home/sanket/ros2_ws/install/articubot_one/share/articubot_one/launch/camera.launch.py
[0.405s] -- Symlinking: /home/sanket/ros2_ws/install/articubot_one/share/articubot_one/launch/joystick.launch.py
[0.412s] -- Symlinking: /home/sanket/ros2_ws/install/articubot_one/share/articubot_one/launch/launch_robot.launch.py
[0.422s] -- Symlinking: /home/sanket/ros2_ws/install/articubot_one/share/articubot_one/launch/launch_sim.launch.py
[0.430s] -- Symlinking: /home/sanket/ros2_ws/install/articubot_one/share/articubot_one/launch/localization_launch.py
[0.436s] -- Symlinking: /home/sanket/ros2_ws/install/articubot_one/share/articubot_one/launch/navigation_launch.py
[0.442s] -- Symlinking: /home/sanket/ros2_ws/install/articubot_one/share/articubot_one/launch/online_async_launch.py
[0.449s] -- Symlinking: /home/sanket/ros2_ws/install/articubot_one/share/articubot_one/launch/rplidar.launch.py
[0.455s] -- Symlinking: /home/sanket/ros2_ws/install/articubot_one/share/articubot_one/launch/rsp.launch.py
[0.461s] -- Symlinking: /home/sanket/ros2_ws/install/articubot_one/share/articubot_one/worlds/empty.world
[0.468s] -- Symlinking: /home/sanket/ros2_ws/install/articubot_one/share/articubot_one/worlds/obstacles.world
[0.475s] -- Symlinking: /home/sanket/ros2_ws/install/articubot_one/share/ament_index/resource_index/package_run_dependencies/articubot_one
[0.481s] -- Symlinking: /home/sanket/ros2_ws/install/articubot_one/share/ament_index/resource_index/parent_prefix_path/articubot_one
[0.488s] -- Symlinking: /home/sanket/ros2_ws/install/articubot_one/share/articubot_one/environment/ament_prefix_path.sh
[0.495s] -- Symlinking: /home/sanket/ros2_ws/install/articubot_one/share/articubot_one/environment/ament_prefix_path.dsv
[0.501s] -- Symlinking: /home/sanket/ros2_ws/install/articubot_one/share/articubot_one/environment/path.sh
[0.507s] -- Symlinking: /home/sanket/ros2_ws/install/articubot_one/share/articubot_one/environment/path.dsv
[0.515s] -- Symlinking: /home/sanket/ros2_ws/install/articubot_one/share/articubot_one/local_setup.bash
[0.523s] -- Symlinking: /home/sanket/ros2_ws/install/articubot_one/share/articubot_one/local_setup.sh
[0.529s] -- Symlinking: /home/sanket/ros2_ws/install/articubot_one/share/articubot_one/local_setup.zsh
[0.534s] -- Symlinking: /home/sanket/ros2_ws/install/articubot_one/share/articubot_one/local_setup.dsv
[0.540s] -- Symlinking: /home/sanket/ros2_ws/install/articubot_one/share/articubot_one/package.dsv
[0.546s] -- Symlinking: /home/sanket/ros2_ws/install/articubot_one/share/ament_index/resource_index/packages/articubot_one
[0.552s] -- Symlinking: /home/sanket/ros2_ws/install/articubot_one/share/articubot_one/cmake/articubot_oneConfig.cmake
[0.558s] -- Symlinking: /home/sanket/ros2_ws/install/articubot_one/share/articubot_one/cmake/articubot_oneConfig-version.cmake
[0.563s] -- Symlinking: /home/sanket/ros2_ws/install/articubot_one/share/articubot_one/package.xml
[0.571s] Invoked command in '/home/sanket/ros2_ws/build/articubot_one' returned '0': CMAKE_PREFIX_PATH=${CMAKE_PREFIX_PATH}:/home/sanket/robot_ws/install/robot_navigation:/home/sanket/robot_ws/install/robot_motor_control:/home/sanket/robot_ws/install/robot_lidar:/home/sanket/ros2_ws/install/my_robot_controller:/opt/ros/humble /usr/bin/cmake --install /home/sanket/ros2_ws/build/articubot_one
