[0.570s] Invoking command in '/home/sanket/ros2_ws/build/my_robot_controller': PYTHONPATH=/home/sanket/ros2_ws/build/my_robot_controller/prefix_override:/usr/lib/python3/dist-packages/colcon_core/task/python/colcon_distutils_commands:/home/sanket/ros2_ws/install/my_robot_controller/lib/python3.10/site-packages:${PYTHONPATH} /usr/bin/python3 -W ignore:setup.py install is deprecated -W ignore:easy_install command is deprecated setup.py develop --editable --build-directory /home/sanket/ros2_ws/build/my_robot_controller/build --no-deps symlink_data
[0.773s] running develop
[0.873s] running egg_info
[0.873s] writing my_robot_controller.egg-info/PKG-INFO
[0.873s] writing dependency_links to my_robot_controller.egg-info/dependency_links.txt
[0.873s] writing entry points to my_robot_controller.egg-info/entry_points.txt
[0.874s] writing requirements to my_robot_controller.egg-info/requires.txt
[0.874s] writing top-level names to my_robot_controller.egg-info/top_level.txt
[0.875s] reading manifest file 'my_robot_controller.egg-info/SOURCES.txt'
[0.876s] writing manifest file 'my_robot_controller.egg-info/SOURCES.txt'
[0.877s] running build_ext
[0.877s] Creating /home/sanket/ros2_ws/install/my_robot_controller/lib/python3.10/site-packages/my-robot-controller.egg-link (link to .)
[0.878s] Installing led_client script to /home/sanket/ros2_ws/install/my_robot_controller/lib/my_robot_controller
[0.878s] Installing led_service script to /home/sanket/ros2_ws/install/my_robot_controller/lib/my_robot_controller
[0.878s] Installing publisher_node script to /home/sanket/ros2_ws/install/my_robot_controller/lib/my_robot_controller
[0.878s] Installing subscriber_node script to /home/sanket/ros2_ws/install/my_robot_controller/lib/my_robot_controller
[0.878s] 
[0.878s] Installed /home/sanket/ros2_ws/build/my_robot_controller
[0.878s] running symlink_data
[0.878s] symbolically linking /home/sanket/ros2_ws/build/my_robot_controller/launch/all_nodes_launch.py -> /home/sanket/ros2_ws/install/my_robot_controller/share/my_robot_controller/launch
[0.898s] Invoked command in '/home/sanket/ros2_ws/build/my_robot_controller' returned '0': PYTHONPATH=/home/sanket/ros2_ws/build/my_robot_controller/prefix_override:/usr/lib/python3/dist-packages/colcon_core/task/python/colcon_distutils_commands:/home/sanket/ros2_ws/install/my_robot_controller/lib/python3.10/site-packages:${PYTHONPATH} /usr/bin/python3 -W ignore:setup.py install is deprecated -W ignore:easy_install command is deprecated setup.py develop --editable --build-directory /home/sanket/ros2_ws/build/my_robot_controller/build --no-deps symlink_data
