[0.529s] Invoking command in '/home/sanket/ros2_ws/src/my_robot_controller': PYTHONPATH=/home/sanket/ros2_ws/build/my_robot_controller/prefix_override:/usr/lib/python3/dist-packages/colcon_core/task/python/colcon_distutils_commands:/home/sanket/ros2_ws/install/my_robot_controller/lib/python3.10/site-packages:${PYTHONPATH} /usr/bin/python3 -W ignore:setup.py install is deprecated -W ignore:easy_install command is deprecated setup.py egg_info --egg-base ../../build/my_robot_controller build --build-base /home/sanket/ros2_ws/build/my_robot_controller/build install --record /home/sanket/ros2_ws/build/my_robot_controller/install.log --single-version-externally-managed install_data
[0.695s] running egg_info
[0.695s] writing ../../build/my_robot_controller/my_robot_controller.egg-info/PKG-INFO
[0.695s] writing dependency_links to ../../build/my_robot_controller/my_robot_controller.egg-info/dependency_links.txt
[0.696s] writing entry points to ../../build/my_robot_controller/my_robot_controller.egg-info/entry_points.txt
[0.696s] writing requirements to ../../build/my_robot_controller/my_robot_controller.egg-info/requires.txt
[0.696s] writing top-level names to ../../build/my_robot_controller/my_robot_controller.egg-info/top_level.txt
[0.698s] reading manifest file '../../build/my_robot_controller/my_robot_controller.egg-info/SOURCES.txt'
[0.698s] writing manifest file '../../build/my_robot_controller/my_robot_controller.egg-info/SOURCES.txt'
[0.698s] running build
[0.698s] running build_py
[0.699s] copying my_robot_controller/led_service.py -> /home/sanket/ros2_ws/build/my_robot_controller/build/lib/my_robot_controller
[0.699s] copying my_robot_controller/led_client.py -> /home/sanket/ros2_ws/build/my_robot_controller/build/lib/my_robot_controller
[0.699s] running install
[0.699s] running install_lib
[0.700s] copying /home/sanket/ros2_ws/build/my_robot_controller/build/lib/my_robot_controller/led_service.py -> /home/sanket/ros2_ws/install/my_robot_controller/lib/python3.10/site-packages/my_robot_controller
[0.700s] copying /home/sanket/ros2_ws/build/my_robot_controller/build/lib/my_robot_controller/led_client.py -> /home/sanket/ros2_ws/install/my_robot_controller/lib/python3.10/site-packages/my_robot_controller
[0.700s] byte-compiling /home/sanket/ros2_ws/install/my_robot_controller/lib/python3.10/site-packages/my_robot_controller/led_service.py to led_service.cpython-310.pyc
[0.701s] byte-compiling /home/sanket/ros2_ws/install/my_robot_controller/lib/python3.10/site-packages/my_robot_controller/led_client.py to led_client.cpython-310.pyc
[0.702s] running install_data
[0.702s] running install_egg_info
[0.704s] removing '/home/sanket/ros2_ws/install/my_robot_controller/lib/python3.10/site-packages/my_robot_controller-0.0.0-py3.10.egg-info' (and everything under it)
[0.704s] Copying ../../build/my_robot_controller/my_robot_controller.egg-info to /home/sanket/ros2_ws/install/my_robot_controller/lib/python3.10/site-packages/my_robot_controller-0.0.0-py3.10.egg-info
[0.705s] running install_scripts
[0.724s] Installing my_first_node script to /home/sanket/ros2_ws/install/my_robot_controller/lib/my_robot_controller
[0.724s] writing list of installed files to '/home/sanket/ros2_ws/build/my_robot_controller/install.log'
[0.743s] Invoked command in '/home/sanket/ros2_ws/src/my_robot_controller' returned '0': PYTHONPATH=/home/sanket/ros2_ws/build/my_robot_controller/prefix_override:/usr/lib/python3/dist-packages/colcon_core/task/python/colcon_distutils_commands:/home/sanket/ros2_ws/install/my_robot_controller/lib/python3.10/site-packages:${PYTHONPATH} /usr/bin/python3 -W ignore:setup.py install is deprecated -W ignore:easy_install command is deprecated setup.py egg_info --egg-base ../../build/my_robot_controller build --build-base /home/sanket/ros2_ws/build/my_robot_controller/build install --record /home/sanket/ros2_ws/build/my_robot_controller/install.log --single-version-externally-managed install_data
