[0.023s] Invoking command in '/home/sanket/ros2_ws/build/articubot_one': CMAKE_PREFIX_PATH=${CMAKE_PREFIX_PATH}:/home/sanket/ros2_ws/install/my_robot_controller:/home/sanket/robot_ws/install/robot_navigation:/home/sanket/robot_ws/install/robot_motor_control:/home/sanket/robot_ws/install/robot_lidar:/opt/ros/humble /usr/bin/cmake /home/sanket/ros2_ws/src/articubot_one -DAMENT_CMAKE_SYMLINK_INSTALL=1 -DCMAKE_INSTALL_PREFIX=/home/sanket/ros2_ws/install/articubot_one
[0.144s] -- The C compiler identification is GNU 11.4.0
[0.253s] -- The CXX compiler identification is GNU 11.4.0
[0.263s] -- Detecting C compiler ABI info
[0.373s] -- Detecting C compiler ABI info - done
[0.387s] -- Check for working C compiler: /usr/bin/cc - skipped
[0.387s] -- Detecting C compile features
[0.388s] -- Detecting C compile features - done
[0.394s] -- Detecting CXX compiler ABI info
[0.486s] -- Detecting CXX compiler ABI info - done
[0.501s] -- Check for working CXX compiler: /usr/bin/c++ - skipped
[0.501s] -- Detecting CXX compile features
[0.502s] -- Detecting CXX compile features - done
[0.508s] -- Found ament_cmake: 1.3.12 (/opt/ros/humble/share/ament_cmake/cmake)
[0.686s] -- Found Python3: /usr/bin/python3 (found version "3.10.12") found components: Interpreter 
[0.762s] -- Override CMake install command with custom implementation using symlinks instead of copying resources
[0.801s] -- Found ament_lint_auto: 0.12.14 (/opt/ros/humble/share/ament_lint_auto/cmake)
[0.913s] -- Added test 'copyright' to check source files copyright and LICENSE
[0.917s] -- Added test 'flake8' to check Python code syntax and style conventions
[0.919s] -- Added test 'lint_cmake' to check CMake code style
[0.920s] -- Added test 'pep257' to check Python code against some of the docstring style conventions in PEP 257
[0.922s] -- Added test 'xmllint' to check XML markup files
[0.923s] -- Configuring done
[0.926s] -- Generating done
[0.928s] -- Build files have been written to: /home/sanket/ros2_ws/build/articubot_one
[0.933s] Invoked command in '/home/sanket/ros2_ws/build/articubot_one' returned '0': CMAKE_PREFIX_PATH=${CMAKE_PREFIX_PATH}:/home/sanket/ros2_ws/install/my_robot_controller:/home/sanket/robot_ws/install/robot_navigation:/home/sanket/robot_ws/install/robot_motor_control:/home/sanket/robot_ws/install/robot_lidar:/opt/ros/humble /usr/bin/cmake /home/sanket/ros2_ws/src/articubot_one -DAMENT_CMAKE_SYMLINK_INSTALL=1 -DCMAKE_INSTALL_PREFIX=/home/sanket/ros2_ws/install/articubot_one
[0.935s] Invoking command in '/home/sanket/ros2_ws/build/articubot_one': CMAKE_PREFIX_PATH=${CMAKE_PREFIX_PATH}:/home/sanket/ros2_ws/install/my_robot_controller:/home/sanket/robot_ws/install/robot_navigation:/home/sanket/robot_ws/install/robot_motor_control:/home/sanket/robot_ws/install/robot_lidar:/opt/ros/humble /usr/bin/cmake --build /home/sanket/ros2_ws/build/articubot_one -- -j12 -l12
[0.975s] Invoked command in '/home/sanket/ros2_ws/build/articubot_one' returned '0': CMAKE_PREFIX_PATH=${CMAKE_PREFIX_PATH}:/home/sanket/ros2_ws/install/my_robot_controller:/home/sanket/robot_ws/install/robot_navigation:/home/sanket/robot_ws/install/robot_motor_control:/home/sanket/robot_ws/install/robot_lidar:/opt/ros/humble /usr/bin/cmake --build /home/sanket/ros2_ws/build/articubot_one -- -j12 -l12
[0.984s] Invoking command in '/home/sanket/ros2_ws/build/articubot_one': CMAKE_PREFIX_PATH=${CMAKE_PREFIX_PATH}:/home/sanket/ros2_ws/install/my_robot_controller:/home/sanket/robot_ws/install/robot_navigation:/home/sanket/robot_ws/install/robot_motor_control:/home/sanket/robot_ws/install/robot_lidar:/opt/ros/humble /usr/bin/cmake --install /home/sanket/ros2_ws/build/articubot_one
[0.991s] -- Install configuration: ""
[0.991s] -- Execute custom install script
[0.992s] -- Symlinking: /home/sanket/ros2_ws/install/articubot_one/share/articubot_one/config/ball_tracker_params_robot.yaml
[0.999s] -- Symlinking: /home/sanket/ros2_ws/install/articubot_one/share/articubot_one/config/ball_tracker_params_sim.yaml
[1.007s] -- Symlinking: /home/sanket/ros2_ws/install/articubot_one/share/articubot_one/config/drive_bot.rviz
[1.017s] -- Symlinking: /home/sanket/ros2_ws/install/articubot_one/share/articubot_one/config/empty.yaml
[1.028s] -- Symlinking: /home/sanket/ros2_ws/install/articubot_one/share/articubot_one/config/gaz_ros2_ctl_use_sim.yaml
[1.036s] -- Symlinking: /home/sanket/ros2_ws/install/articubot_one/share/articubot_one/config/gazebo_params.yaml
[1.043s] -- Symlinking: /home/sanket/ros2_ws/install/articubot_one/share/articubot_one/config/joystick.yaml
[1.051s] -- Symlinking: /home/sanket/ros2_ws/install/articubot_one/share/articubot_one/config/main.rviz
[1.059s] -- Symlinking: /home/sanket/ros2_ws/install/articubot_one/share/articubot_one/config/map.rviz
[1.069s] -- Symlinking: /home/sanket/ros2_ws/install/articubot_one/share/articubot_one/config/mapper_params_online_async.yaml
[1.077s] -- Symlinking: /home/sanket/ros2_ws/install/articubot_one/share/articubot_one/config/my_controllers.yaml
[1.084s] -- Symlinking: /home/sanket/ros2_ws/install/articubot_one/share/articubot_one/config/nav2_params.yaml
[1.091s] -- Symlinking: /home/sanket/ros2_ws/install/articubot_one/share/articubot_one/config/twist_mux.yaml
[1.099s] -- Symlinking: /home/sanket/ros2_ws/install/articubot_one/share/articubot_one/config/view_bot.rviz
[1.107s] -- Symlinking: /home/sanket/ros2_ws/install/articubot_one/share/articubot_one/description/camera.xacro
[1.118s] -- Symlinking: /home/sanket/ros2_ws/install/articubot_one/share/articubot_one/description/depth_camera.xacro
[1.127s] -- Symlinking: /home/sanket/ros2_ws/install/articubot_one/share/articubot_one/description/face.xacro
[1.136s] -- Symlinking: /home/sanket/ros2_ws/install/articubot_one/share/articubot_one/description/gazebo_control.xacro
[1.143s] -- Symlinking: /home/sanket/ros2_ws/install/articubot_one/share/articubot_one/description/inertial_macros.xacro
[1.151s] -- Symlinking: /home/sanket/ros2_ws/install/articubot_one/share/articubot_one/description/lidar.xacro
[1.158s] -- Symlinking: /home/sanket/ros2_ws/install/articubot_one/share/articubot_one/description/robot.urdf.xacro
[1.166s] -- Symlinking: /home/sanket/ros2_ws/install/articubot_one/share/articubot_one/description/robot_core.xacro
[1.173s] -- Symlinking: /home/sanket/ros2_ws/install/articubot_one/share/articubot_one/description/ros2_control.xacro
[1.182s] -- Symlinking: /home/sanket/ros2_ws/install/articubot_one/share/articubot_one/launch/ball_tracker.launch.py
[1.190s] -- Symlinking: /home/sanket/ros2_ws/install/articubot_one/share/articubot_one/launch/camera.launch.py
[1.197s] -- Symlinking: /home/sanket/ros2_ws/install/articubot_one/share/articubot_one/launch/joystick.launch.py
[1.204s] -- Symlinking: /home/sanket/ros2_ws/install/articubot_one/share/articubot_one/launch/launch_robot.launch.py
[1.214s] -- Symlinking: /home/sanket/ros2_ws/install/articubot_one/share/articubot_one/launch/launch_sim.launch.py
[1.224s] -- Symlinking: /home/sanket/ros2_ws/install/articubot_one/share/articubot_one/launch/localization_launch.py
[1.233s] -- Symlinking: /home/sanket/ros2_ws/install/articubot_one/share/articubot_one/launch/navigation_launch.py
[1.241s] -- Symlinking: /home/sanket/ros2_ws/install/articubot_one/share/articubot_one/launch/online_async_launch.py
[1.248s] -- Symlinking: /home/sanket/ros2_ws/install/articubot_one/share/articubot_one/launch/rplidar.launch.py
[1.256s] -- Symlinking: /home/sanket/ros2_ws/install/articubot_one/share/articubot_one/launch/rsp.launch.py
[1.264s] -- Symlinking: /home/sanket/ros2_ws/install/articubot_one/share/articubot_one/worlds/empty.world
[1.271s] -- Symlinking: /home/sanket/ros2_ws/install/articubot_one/share/articubot_one/worlds/obstacles.world
[1.279s] -- Symlinking: /home/sanket/ros2_ws/install/articubot_one/share/ament_index/resource_index/package_run_dependencies/articubot_one
[1.286s] -- Symlinking: /home/sanket/ros2_ws/install/articubot_one/share/ament_index/resource_index/parent_prefix_path/articubot_one
[1.294s] -- Symlinking: /home/sanket/ros2_ws/install/articubot_one/share/articubot_one/environment/ament_prefix_path.sh
[1.303s] -- Symlinking: /home/sanket/ros2_ws/install/articubot_one/share/articubot_one/environment/ament_prefix_path.dsv
[1.312s] -- Symlinking: /home/sanket/ros2_ws/install/articubot_one/share/articubot_one/environment/path.sh
[1.324s] -- Symlinking: /home/sanket/ros2_ws/install/articubot_one/share/articubot_one/environment/path.dsv
[1.335s] -- Symlinking: /home/sanket/ros2_ws/install/articubot_one/share/articubot_one/local_setup.bash
[1.345s] -- Symlinking: /home/sanket/ros2_ws/install/articubot_one/share/articubot_one/local_setup.sh
[1.353s] -- Symlinking: /home/sanket/ros2_ws/install/articubot_one/share/articubot_one/local_setup.zsh
[1.361s] -- Symlinking: /home/sanket/ros2_ws/install/articubot_one/share/articubot_one/local_setup.dsv
[1.369s] -- Symlinking: /home/sanket/ros2_ws/install/articubot_one/share/articubot_one/package.dsv
[1.377s] -- Symlinking: /home/sanket/ros2_ws/install/articubot_one/share/ament_index/resource_index/packages/articubot_one
[1.387s] -- Symlinking: /home/sanket/ros2_ws/install/articubot_one/share/articubot_one/cmake/articubot_oneConfig.cmake
[1.396s] -- Symlinking: /home/sanket/ros2_ws/install/articubot_one/share/articubot_one/cmake/articubot_oneConfig-version.cmake
[1.404s] -- Symlinking: /home/sanket/ros2_ws/install/articubot_one/share/articubot_one/package.xml
[1.419s] Invoked command in '/home/sanket/ros2_ws/build/articubot_one' returned '0': CMAKE_PREFIX_PATH=${CMAKE_PREFIX_PATH}:/home/sanket/ros2_ws/install/my_robot_controller:/home/sanket/robot_ws/install/robot_navigation:/home/sanket/robot_ws/install/robot_motor_control:/home/sanket/robot_ws/install/robot_lidar:/opt/ros/humble /usr/bin/cmake --install /home/sanket/ros2_ws/build/articubot_one
