[0.533s] Invoking command in '/home/sanket/ros2_ws/build/my_robot_controller': PYTHONPATH=/home/sanket/ros2_ws/build/my_robot_controller/prefix_override:/usr/lib/python3/dist-packages/colcon_core/task/python/colcon_distutils_commands:/home/sanket/ros2_ws/install/my_robot_controller/lib/python3.10/site-packages:${PYTHONPATH} /usr/bin/python3 -W ignore:setup.py install is deprecated -W ignore:easy_install command is deprecated setup.py develop --editable --build-directory /home/sanket/ros2_ws/build/my_robot_controller/build --no-deps symlink_data
[0.745s] running develop
[0.858s] running egg_info
[0.858s] writing my_robot_controller.egg-info/PKG-INFO
[0.858s] writing dependency_links to my_robot_controller.egg-info/dependency_links.txt
[0.858s] writing entry points to my_robot_controller.egg-info/entry_points.txt
[0.858s] writing requirements to my_robot_controller.egg-info/requires.txt
[0.858s] writing top-level names to my_robot_controller.egg-info/top_level.txt
[0.860s] reading manifest file 'my_robot_controller.egg-info/SOURCES.txt'
[0.861s] writing manifest file 'my_robot_controller.egg-info/SOURCES.txt'
[0.862s] running build_ext
[0.862s] Creating /home/sanket/ros2_ws/install/my_robot_controller/lib/python3.10/site-packages/my-robot-controller.egg-link (link to .)
[0.863s] Installing led_client script to /home/sanket/ros2_ws/install/my_robot_controller/lib/my_robot_controller
[0.863s] Installing led_service script to /home/sanket/ros2_ws/install/my_robot_controller/lib/my_robot_controller
[0.863s] Installing publisher_node script to /home/sanket/ros2_ws/install/my_robot_controller/lib/my_robot_controller
[0.863s] Installing subscriber_node script to /home/sanket/ros2_ws/install/my_robot_controller/lib/my_robot_controller
[0.863s] 
[0.863s] Installed /home/sanket/ros2_ws/build/my_robot_controller
[0.863s] running symlink_data
[0.887s] Invoked command in '/home/sanket/ros2_ws/build/my_robot_controller' returned '0': PYTHONPATH=/home/sanket/ros2_ws/build/my_robot_controller/prefix_override:/usr/lib/python3/dist-packages/colcon_core/task/python/colcon_distutils_commands:/home/sanket/ros2_ws/install/my_robot_controller/lib/python3.10/site-packages:${PYTHONPATH} /usr/bin/python3 -W ignore:setup.py install is deprecated -W ignore:easy_install command is deprecated setup.py develop --editable --build-directory /home/sanket/ros2_ws/build/my_robot_controller/build --no-deps symlink_data
