[0.498s] Invoking command in '/home/sanket/ros2_ws/build/my_robot_controller': PYTHONPATH=/home/sanket/ros2_ws/build/my_robot_controller/prefix_override:/usr/lib/python3/dist-packages/colcon_core/task/python/colcon_distutils_commands:/home/sanket/ros2_ws/install/my_robot_controller/lib/python3.10/site-packages:${PYTHONPATH} /usr/bin/python3 -W ignore:setup.py install is deprecated -W ignore:easy_install command is deprecated setup.py develop --editable --build-directory /home/sanket/ros2_ws/build/my_robot_controller/build --no-deps symlink_data --force
[0.686s] running develop
[0.787s] running egg_info
[0.787s] writing my_robot_controller.egg-info/PKG-INFO
[0.788s] writing dependency_links to my_robot_controller.egg-info/dependency_links.txt
[0.788s] writing entry points to my_robot_controller.egg-info/entry_points.txt
[0.788s] writing requirements to my_robot_controller.egg-info/requires.txt
[0.788s] writing top-level names to my_robot_controller.egg-info/top_level.txt
[0.790s] reading manifest file 'my_robot_controller.egg-info/SOURCES.txt'
[0.791s] writing manifest file 'my_robot_controller.egg-info/SOURCES.txt'
[0.792s] running build_ext
[0.792s] Creating /home/sanket/ros2_ws/install/my_robot_controller/lib/python3.10/site-packages/my-robot-controller.egg-link (link to .)
[0.792s] Installing led_client script to /home/sanket/ros2_ws/install/my_robot_controller/lib/my_robot_controller
[0.792s] Installing led_service script to /home/sanket/ros2_ws/install/my_robot_controller/lib/my_robot_controller
[0.792s] Installing publisher_node script to /home/sanket/ros2_ws/install/my_robot_controller/lib/my_robot_controller
[0.792s] Installing subscriber_node script to /home/sanket/ros2_ws/install/my_robot_controller/lib/my_robot_controller
[0.792s] 
[0.793s] Installed /home/sanket/ros2_ws/build/my_robot_controller
[0.793s] running symlink_data
[0.793s] symbolically linking /home/sanket/ros2_ws/build/my_robot_controller/resource/my_robot_controller -> /home/sanket/ros2_ws/install/my_robot_controller/share/ament_index/resource_index/packages
[0.793s] symbolically linking /home/sanket/ros2_ws/build/my_robot_controller/package.xml -> /home/sanket/ros2_ws/install/my_robot_controller/share/my_robot_controller
[0.793s] creating /home/sanket/ros2_ws/install/my_robot_controller/share/my_robot_controller/launch
[0.793s] error: [Errno 2] No such file or directory: '/home/sanket/ros2_ws/install/my_robot_controller/share/my_robot_controller/launch/all_nodes_launch.py'
[0.821s] Invoked command in '/home/sanket/ros2_ws/build/my_robot_controller' returned '1': PYTHONPATH=/home/sanket/ros2_ws/build/my_robot_controller/prefix_override:/usr/lib/python3/dist-packages/colcon_core/task/python/colcon_distutils_commands:/home/sanket/ros2_ws/install/my_robot_controller/lib/python3.10/site-packages:${PYTHONPATH} /usr/bin/python3 -W ignore:setup.py install is deprecated -W ignore:easy_install command is deprecated setup.py develop --editable --build-directory /home/sanket/ros2_ws/build/my_robot_controller/build --no-deps symlink_data --force
