[0.804s] Invoking command in '/home/sanket/ros2_ws/build/my_robot_controller': PYTHONPATH=/home/sanket/ros2_ws/build/my_robot_controller/prefix_override:/usr/lib/python3/dist-packages/colcon_core/task/python/colcon_distutils_commands:/home/sanket/ros2_ws/install/my_robot_controller/lib/python3.10/site-packages:${PYTHONPATH} /usr/bin/python3 -W ignore:setup.py install is deprecated -W ignore:easy_install command is deprecated setup.py develop --editable --build-directory /home/sanket/ros2_ws/build/my_robot_controller/build --no-deps symlink_data
[1.097s] running develop
[1.254s] running egg_info
[1.254s] creating my_robot_controller.egg-info
[1.255s] writing my_robot_controller.egg-info/PKG-INFO
[1.255s] writing dependency_links to my_robot_controller.egg-info/dependency_links.txt
[1.255s] writing entry points to my_robot_controller.egg-info/entry_points.txt
[1.255s] writing requirements to my_robot_controller.egg-info/requires.txt
[1.255s] writing top-level names to my_robot_controller.egg-info/top_level.txt
[1.256s] writing manifest file 'my_robot_controller.egg-info/SOURCES.txt'
[1.257s] reading manifest file 'my_robot_controller.egg-info/SOURCES.txt'
[1.258s] writing manifest file 'my_robot_controller.egg-info/SOURCES.txt'
[1.259s] running build_ext
[1.259s] Creating /home/sanket/ros2_ws/install/my_robot_controller/lib/python3.10/site-packages/my-robot-controller.egg-link (link to .)
[1.260s] Installing client_node script to /home/sanket/ros2_ws/install/my_robot_controller/lib/my_robot_controller
[1.260s] Installing led_client script to /home/sanket/ros2_ws/install/my_robot_controller/lib/my_robot_controller
[1.260s] Installing led_service script to /home/sanket/ros2_ws/install/my_robot_controller/lib/my_robot_controller
[1.260s] Installing publisher_node script to /home/sanket/ros2_ws/install/my_robot_controller/lib/my_robot_controller
[1.260s] Installing service_node script to /home/sanket/ros2_ws/install/my_robot_controller/lib/my_robot_controller
[1.260s] Installing subscriber_node script to /home/sanket/ros2_ws/install/my_robot_controller/lib/my_robot_controller
[1.260s] Installing yes_no_client script to /home/sanket/ros2_ws/install/my_robot_controller/lib/my_robot_controller
[1.260s] Installing yes_no_service script to /home/sanket/ros2_ws/install/my_robot_controller/lib/my_robot_controller
[1.261s] 
[1.261s] Installed /home/sanket/ros2_ws/build/my_robot_controller
[1.261s] running symlink_data
[1.261s] creating /home/sanket/ros2_ws/install/my_robot_controller/share/ament_index
[1.261s] creating /home/sanket/ros2_ws/install/my_robot_controller/share/ament_index/resource_index
[1.261s] creating /home/sanket/ros2_ws/install/my_robot_controller/share/ament_index/resource_index/packages
[1.261s] symbolically linking /home/sanket/ros2_ws/build/my_robot_controller/resource/my_robot_controller -> /home/sanket/ros2_ws/install/my_robot_controller/share/ament_index/resource_index/packages
[1.261s] symbolically linking /home/sanket/ros2_ws/build/my_robot_controller/package.xml -> /home/sanket/ros2_ws/install/my_robot_controller/share/my_robot_controller
[1.261s] creating /home/sanket/ros2_ws/install/my_robot_controller/share/my_robot_controller/launch
[1.261s] symbolically linking /home/sanket/ros2_ws/build/my_robot_controller/launch/all_nodes_launch.py -> /home/sanket/ros2_ws/install/my_robot_controller/share/my_robot_controller/launch
[1.287s] Invoked command in '/home/sanket/ros2_ws/build/my_robot_controller' returned '0': PYTHONPATH=/home/sanket/ros2_ws/build/my_robot_controller/prefix_override:/usr/lib/python3/dist-packages/colcon_core/task/python/colcon_distutils_commands:/home/sanket/ros2_ws/install/my_robot_controller/lib/python3.10/site-packages:${PYTHONPATH} /usr/bin/python3 -W ignore:setup.py install is deprecated -W ignore:easy_install command is deprecated setup.py develop --editable --build-directory /home/sanket/ros2_ws/build/my_robot_controller/build --no-deps symlink_data
