[0.486s] Invoking command in '/home/sanket/ros2_ws/src/my_robot_controller': PYTHONPATH=/home/sanket/ros2_ws/build/my_robot_controller/prefix_override:/usr/lib/python3/dist-packages/colcon_core/task/python/colcon_distutils_commands:/home/sanket/ros2_ws/install/my_robot_controller/lib/python3.10/site-packages:${PYTHONPATH} /usr/bin/python3 -W ignore:setup.py install is deprecated -W ignore:easy_install command is deprecated setup.py egg_info --egg-base ../../build/my_robot_controller build --build-base /home/sanket/ros2_ws/build/my_robot_controller/build install --record /home/sanket/ros2_ws/build/my_robot_controller/install.log --single-version-externally-managed install_data
[0.699s] running egg_info
[0.699s] creating ../../build/my_robot_controller/my_robot_controller.egg-info
[0.700s] writing ../../build/my_robot_controller/my_robot_controller.egg-info/PKG-INFO
[0.700s] writing dependency_links to ../../build/my_robot_controller/my_robot_controller.egg-info/dependency_links.txt
[0.700s] writing entry points to ../../build/my_robot_controller/my_robot_controller.egg-info/entry_points.txt
[0.700s] writing requirements to ../../build/my_robot_controller/my_robot_controller.egg-info/requires.txt
[0.700s] writing top-level names to ../../build/my_robot_controller/my_robot_controller.egg-info/top_level.txt
[0.707s] writing manifest file '../../build/my_robot_controller/my_robot_controller.egg-info/SOURCES.txt'
[0.708s] reading manifest file '../../build/my_robot_controller/my_robot_controller.egg-info/SOURCES.txt'
[0.709s] writing manifest file '../../build/my_robot_controller/my_robot_controller.egg-info/SOURCES.txt'
[0.709s] running build
[0.709s] running build_py
[0.709s] creating /home/sanket/ros2_ws/build/my_robot_controller/build
[0.709s] creating /home/sanket/ros2_ws/build/my_robot_controller/build/lib
[0.709s] creating /home/sanket/ros2_ws/build/my_robot_controller/build/lib/my_robot_controller
[0.709s] copying my_robot_controller/__init__.py -> /home/sanket/ros2_ws/build/my_robot_controller/build/lib/my_robot_controller
[0.709s] running install
[0.710s] running install_lib
[0.710s] creating /home/sanket/ros2_ws/install/my_robot_controller/lib/python3.10/site-packages/my_robot_controller
[0.710s] copying /home/sanket/ros2_ws/build/my_robot_controller/build/lib/my_robot_controller/__init__.py -> /home/sanket/ros2_ws/install/my_robot_controller/lib/python3.10/site-packages/my_robot_controller
[0.711s] byte-compiling /home/sanket/ros2_ws/install/my_robot_controller/lib/python3.10/site-packages/my_robot_controller/__init__.py to __init__.cpython-310.pyc
[0.711s] running install_data
[0.711s] creating /home/sanket/ros2_ws/install/my_robot_controller/share/ament_index
[0.711s] creating /home/sanket/ros2_ws/install/my_robot_controller/share/ament_index/resource_index
[0.711s] creating /home/sanket/ros2_ws/install/my_robot_controller/share/ament_index/resource_index/packages
[0.711s] copying resource/my_robot_controller -> /home/sanket/ros2_ws/install/my_robot_controller/share/ament_index/resource_index/packages
[0.711s] copying package.xml -> /home/sanket/ros2_ws/install/my_robot_controller/share/my_robot_controller
[0.711s] running install_egg_info
[0.714s] Copying ../../build/my_robot_controller/my_robot_controller.egg-info to /home/sanket/ros2_ws/install/my_robot_controller/lib/python3.10/site-packages/my_robot_controller-0.0.0-py3.10.egg-info
[0.714s] running install_scripts
[0.735s] writing list of installed files to '/home/sanket/ros2_ws/build/my_robot_controller/install.log'
[0.755s] Invoked command in '/home/sanket/ros2_ws/src/my_robot_controller' returned '0': PYTHONPATH=/home/sanket/ros2_ws/build/my_robot_controller/prefix_override:/usr/lib/python3/dist-packages/colcon_core/task/python/colcon_distutils_commands:/home/sanket/ros2_ws/install/my_robot_controller/lib/python3.10/site-packages:${PYTHONPATH} /usr/bin/python3 -W ignore:setup.py install is deprecated -W ignore:easy_install command is deprecated setup.py egg_info --egg-base ../../build/my_robot_controller build --build-base /home/sanket/ros2_ws/build/my_robot_controller/build install --record /home/sanket/ros2_ws/build/my_robot_controller/install.log --single-version-externally-managed install_data
